# JRE version: Java(TM) SE Runtime Environment (8.0_92-b14) (build 1.8.0_92-b14)
# Java VM: Java HotSpot(TM) 64-Bit Server VM (25.92-b14 mixed mode windows-amd64 compressed oops)
Heap:
 PSYoungGen      total 29696K, used 27854K [0x00000000d5e00000, 0x00000000ec880000, 0x0000000100000000)
  eden space 29184K, 95% used [0x00000000d5e00000,0x00000000d7923bb0,0x00000000d7a80000)
  from space 512K, 12% used [0x00000000ec800000,0x00000000ec810000,0x00000000ec880000)
  to   space 512K, 0% used [0x00000000ec780000,0x00000000ec780000,0x00000000ec800000)
 ParOldGen       total 56320K, used 50024K [0x0000000081a00000, 0x0000000085100000, 0x00000000d5e00000)
  object space 56320K, 88% used [0x0000000081a00000,0x0000000084ada048,0x0000000085100000)
 Metaspace       used 25007K, capacity 25276K, committed 25728K, reserved 1071104K
  class space    used 3062K, capacity 3135K, committed 3200K, reserved 1048576K
GC Heap History (10 events):
Event: 2124.462 GC heap before
{Heap before GC invocations=5007 (full 1):
 PSYoungGen      total 32256K, used 31808K [0x00000000d5e00000, 0x00000000ec880000, 0x0000000100000000)
  eden space 31744K, 100% used [0x00000000d5e00000,0x00000000d7d00000,0x00000000d7d00000)
  from space 512K, 12% used [0x00000000ec780000,0x00000000ec790000,0x00000000ec800000)
  to   space 512K, 0% used [0x00000000ec800000,0x00000000ec800000,0x00000000ec880000)
 ParOldGen       total 56320K, used 49968K [0x0000000081a00000, 0x0000000085100000, 0x00000000d5e00000)
  object space 56320K, 88% used [0x0000000081a00000,0x0000000084acc048,0x0000000085100000)
 Metaspace       used 25005K, capacity 25276K, committed 25728K, reserved 1071104K
  class space    used 3062K, capacity 3135K, committed 3200K, reserved 1048576K
Event: 2124.466 GC heap after
Heap after GC invocations=5007 (full 1):
 PSYoungGen      total 31744K, used 96K [0x00000000d5e00000, 0x00000000ec880000, 0x0000000100000000)
  eden space 31232K, 0% used [0x00000000d5e00000,0x00000000d5e00000,0x00000000d7c80000)
  from space 512K, 18% used [0x00000000ec800000,0x00000000ec818000,0x00000000ec880000)
  to   space 512K, 0% used [0x00000000ec780000,0x00000000ec780000,0x00000000ec800000)
 ParOldGen       total 56320K, used 49984K [0x0000000081a00000, 0x0000000085100000, 0x00000000d5e00000)
  object space 56320K, 88% used [0x0000000081a00000,0x0000000084ad0048,0x0000000085100000)
 Metaspace       used 25005K, capacity 25276K, committed 25728K, reserved 1071104K
  class space    used 3062K, capacity 3135K, committed 3200K, reserved 1048576K
}
Event: 2124.952 GC heap before
{Heap before GC invocations=5008 (full 1):
 PSYoungGen      total 31744K, used 31328K [0x00000000d5e00000, 0x00000000ec880000, 0x0000000100000000)
  eden space 31232K, 100% used [0x00000000d5e00000,0x00000000d7c80000,0x00000000d7c80000)
  from space 512K, 18% used [0x00000000ec800000,0x00000000ec818000,0x00000000ec880000)
  to   space 512K, 0% used [0x00000000ec780000,0x00000000ec780000,0x00000000ec800000)
 ParOldGen       total 56320K, used 49984K [0x0000000081a00000, 0x0000000085100000, 0x00000000d5e00000)
  object space 56320K, 88% used [0x0000000081a00000,0x0000000084ad0048,0x0000000085100000)
 Metaspace       used 25005K, capacity 25276K, committed 25728K, reserved 1071104K
  class space    used 3062K, capacity 3135K, committed 3200K, reserved 1048576K
Event: 2124.955 GC heap after
Heap after GC invocations=5008 (full 1):
 PSYoungGen      total 31232K, used 96K [0x00000000d5e00000, 0x00000000ec880000, 0x0000000100000000)
  eden space 30720K, 0% used [0x00000000d5e00000,0x00000000d5e00000,0x00000000d7c00000)
  from space 512K, 18% used [0x00000000ec780000,0x00000000ec798000,0x00000000ec800000)
  to   space 512K, 0% used [0x00000000ec800000,0x00000000ec800000,0x00000000ec880000)
 ParOldGen       total 56320K, used 49984K [0x0000000081a00000, 0x0000000085100000, 0x00000000d5e00000)
  object space 56320K, 88% used [0x0000000081a00000,0x0000000084ad0048,0x0000000085100000)
 Metaspace       used 25005K, capacity 25276K, committed 25728K, reserved 1071104K
  class space    used 3062K, capacity 3135K, committed 3200K, reserved 1048576K
}
Event: 2125.440 GC heap before
{Heap before GC invocations=5009 (full 1):
 PSYoungGen      total 31232K, used 30816K [0x00000000d5e00000, 0x00000000ec880000, 0x0000000100000000)
  eden space 30720K, 100% used [0x00000000d5e00000,0x00000000d7c00000,0x00000000d7c00000)
  from space 512K, 18% used [0x00000000ec780000,0x00000000ec798000,0x00000000ec800000)
  to   space 512K, 0% used [0x00000000ec800000,0x00000000ec800000,0x00000000ec880000)
 ParOldGen       total 56320K, used 49984K [0x0000000081a00000, 0x0000000085100000, 0x00000000d5e00000)
  object space 56320K, 88% used [0x0000000081a00000,0x0000000084ad0048,0x0000000085100000)
 Metaspace       used 25005K, capacity 25276K, committed 25728K, reserved 1071104K
  class space    used 3062K, capacity 3135K, committed 3200K, reserved 1048576K
Event: 2125.443 GC heap after
Heap after GC invocations=5009 (full 1):
 PSYoungGen      total 30720K, used 96K [0x00000000d5e00000, 0x00000000ec880000, 0x0000000100000000)
  eden space 30208K, 0% used [0x00000000d5e00000,0x00000000d5e00000,0x00000000d7b80000)
  from space 512K, 18% used [0x00000000ec800000,0x00000000ec818000,0x00000000ec880000)
  to   space 512K, 0% used [0x00000000ec780000,0x00000000ec780000,0x00000000ec800000)
 ParOldGen       total 56320K, used 50000K [0x0000000081a00000, 0x0000000085100000, 0x00000000d5e00000)
  object space 56320K, 88% used [0x0000000081a00000,0x0000000084ad4048,0x0000000085100000)
 Metaspace       used 25005K, capacity 25276K, committed 25728K, reserved 1071104K
  class space    used 3062K, capacity 3135K, committed 3200K, reserved 1048576K
}
Event: 2125.937 GC heap before
{Heap before GC invocations=5010 (full 1):
 PSYoungGen      total 30720K, used 30304K [0x00000000d5e00000, 0x00000000ec880000, 0x0000000100000000)
  eden space 30208K, 100% used [0x00000000d5e00000,0x00000000d7b80000,0x00000000d7b80000)
  from space 512K, 18% used [0x00000000ec800000,0x00000000ec818000,0x00000000ec880000)
  to   space 512K, 0% used [0x00000000ec780000,0x00000000ec780000,0x00000000ec800000)
 ParOldGen       total 56320K, used 50000K [0x0000000081a00000, 0x0000000085100000, 0x00000000d5e00000)
  object space 56320K, 88% used [0x0000000081a00000,0x0000000084ad4048,0x0000000085100000)
 Metaspace       used 25005K, capacity 25276K, committed 25728K, reserved 1071104K
  class space    used 3062K, capacity 3135K, committed 3200K, reserved 1048576K
Event: 2125.940 GC heap after
Heap after GC invocations=5010 (full 1):
 PSYoungGen      total 30208K, used 96K [0x00000000d5e00000, 0x00000000ec880000, 0x0000000100000000)
  eden space 29696K, 0% used [0x00000000d5e00000,0x00000000d5e00000,0x00000000d7b00000)
  from space 512K, 18% used [0x00000000ec780000,0x00000000ec798000,0x00000000ec800000)
  to   space 512K, 0% used [0x00000000ec800000,0x00000000ec800000,0x00000000ec880000)
 ParOldGen       total 56320K, used 50000K [0x0000000081a00000, 0x0000000085100000, 0x00000000d5e00000)
  object space 56320K, 88% used [0x0000000081a00000,0x0000000084ad4048,0x0000000085100000)
 Metaspace       used 25005K, capacity 25276K, committed 25728K, reserved 1071104K
  class space    used 3062K, capacity 3135K, committed 3200K, reserved 1048576K
}
Event: 2126.447 GC heap before
{Heap before GC invocations=5011 (full 1):
 PSYoungGen      total 30208K, used 29792K [0x00000000d5e00000, 0x00000000ec880000, 0x0000000100000000)
  eden space 29696K, 100% used [0x00000000d5e00000,0x00000000d7b00000,0x00000000d7b00000)
  from space 512K, 18% used [0x00000000ec780000,0x00000000ec798000,0x00000000ec800000)
  to   space 512K, 0% used [0x00000000ec800000,0x00000000ec800000,0x00000000ec880000)
 ParOldGen       total 56320K, used 50000K [0x0000000081a00000, 0x0000000085100000, 0x00000000d5e00000)
  object space 56320K, 88% used [0x0000000081a00000,0x0000000084ad4048,0x0000000085100000)
 Metaspace       used 25005K, capacity 25276K, committed 25728K, reserved 1071104K
  class space    used 3062K, capacity 3135K, committed 3200K, reserved 1048576K
Event: 2126.450 GC heap after
Heap after GC invocations=5011 (full 1):
 PSYoungGen      total 29696K, used 64K [0x00000000d5e00000, 0x00000000ec880000, 0x0000000100000000)
  eden space 29184K, 0% used [0x00000000d5e00000,0x00000000d5e00000,0x00000000d7a80000)
  from space 512K, 12% used [0x00000000ec800000,0x00000000ec810000,0x00000000ec880000)
  to   space 512K, 0% used [0x00000000ec780000,0x00000000ec780000,0x00000000ec800000)
 ParOldGen       total 56320K, used 50024K [0x0000000081a00000, 0x0000000085100000, 0x00000000d5e00000)
  object space 56320K, 88% used [0x0000000081a00000,0x0000000084ada048,0x0000000085100000)
 Metaspace       used 25005K, capacity 25276K, committed 25728K, reserved 1071104K
  class space    used 3062K, capacity 3135K, committed 3200K, reserved 1048576K
}

